<< CAP LS
<< NICK mat
<< USER mat mat irc.dal.net :Mathias
>> :sakura.jp.as.dal.net NOTICE AUTH :*** Looking up your hostname...
>> :sakura.jp.as.dal.net NOTICE AUTH :*** Checking Ident
>> :sakura.jp.as.dal.net NOTICE AUTH :*** No Ident response
>> :sakura.jp.as.dal.net NOTICE AUTH :*** Found your hostname
>> :sakura.jp.as.dal.net 433 * mat :Nickname is already in use.
<< NICK mat_
>> :sakura.jp.as.dal.net 001 mat_ :Welcome to the DALnet IRC Network mat_!~mat@lfbn-idf2-1-372-170.w82-123.abo.wanadoo.fr
<< MODE mat_ +i
<< WHOIS mat
>> :sakura.jp.as.dal.net 002 mat_ :Your host is sakura.jp.as.dal.net, running version bahamut-2.2.2
>> :sakura.jp.as.dal.net 003 mat_ :This server was created Tue 23 Aug UTC at 2022 02:59:44 AM
>> :sakura.jp.as.dal.net 004 mat_ sakura.jp.as.dal.net bahamut-2.2.2 aAbcCdefFghHiIjkKmnoOPrRsSwxXy AbceiIjklLmMnoOpPrRsStv beIjklov
>> :sakura.jp.as.dal.net 005 mat_ NETWORK=DALnet SAFELIST MAXBANS=200 MAXCHANNELS=50 CHANNELLEN=32 KICKLEN=307 NICKLEN=30 TOPICLEN=307 MODES=6 CHANTYPES=# CHANLIMIT=#:50 PREFIX=(ohv)@%+ STATUSMSG=@%+ :are available on this server
>> :sakura.jp.as.dal.net 005 mat_ CASEMAPPING=ascii WATCH=128 SILENCE=10 ELIST=cmntu EXCEPTS INVEX CHANMODES=beI,k,jl,ciPAmMnOprRsSt MAXLIST=b:200,e:100,I:100 TARGMAX=DCCALLOW:,JOIN:,KICK:4,KILL:20,NOTICE:20,PART:,PRIVMSG:20,WHOIS:,WHOWAS: :are available on this server
>> :sakura.jp.as.dal.net 251 mat_ :There are 65 users and 7492 invisible on 38 servers
>> :sakura.jp.as.dal.net 252 mat_ 74 :IRC Operators online
>> :sakura.jp.as.dal.net 254 mat_ 3790 :channels formed
>> :sakura.jp.as.dal.net 255 mat_ :I have 1356 clients and 1 servers
>> :sakura.jp.as.dal.net 265 mat_ :Current local users: 1356 Max: 3677
>> :sakura.jp.as.dal.net 266 mat_ :Current global users: 7557 Max: 12059
>> :sakura.jp.as.dal.net NOTICE mat_ :*** Notice -- motd was last changed at 26/11/2020 19:53
>> :sakura.jp.as.dal.net 375 mat_ :- sakura.jp.as.dal.net Message of the Day - 
>> :sakura.jp.as.dal.net 372 mat_ :-26/11/2020 19:53
>> :sakura.jp.as.dal.net 372 mat_ :- =====================================================================
>> :sakura.jp.as.dal.net 372 mat_ :- 
>> :sakura.jp.as.dal.net 372 mat_ :- Server: sakura.jp.as.dal.net
>> :sakura.jp.as.dal.net 372 mat_ :- Plaintext ports: 6660 - 6669, 7000
>> :sakura.jp.as.dal.net 372 mat_ :- SSL/TLS port: 6697
>> :sakura.jp.as.dal.net 372 mat_ :- Both IPv4 and IPv6 are supported on this server
>> :sakura.jp.as.dal.net 372 mat_ :- 
>> :sakura.jp.as.dal.net 372 mat_ :- Server Administrator: xPsycho (xpsycho@DAL.net)
>> :sakura.jp.as.dal.net 372 mat_ :- 
>> :sakura.jp.as.dal.net 372 mat_ :-            __.--~~.,-.__
>> :sakura.jp.as.dal.net 372 mat_ :-            `~-._.-(`-.__`-.
>> :sakura.jp.as.dal.net 372 mat_ :-                    \    `~~`
>> :sakura.jp.as.dal.net 372 mat_ :-               .--./ \ 
>> :sakura.jp.as.dal.net 372 mat_ :-              /#   \  \.--.
>> :sakura.jp.as.dal.net 372 mat_ :-              \    /  /#   \ 
>> :sakura.jp.as.dal.net 372 mat_ :-          jgs  '--'   \    /
>> :sakura.jp.as.dal.net 372 mat_ :-                       '--'
>> :sakura.jp.as.dal.net 372 mat_ :-                                                                                        
>> :sakura.jp.as.dal.net 372 mat_ :- This server is proudly sponsored by DataPacket.com
>> :sakura.jp.as.dal.net 372 mat_ :-       <https://www.datapacket.com/>
>> :sakura.jp.as.dal.net 372 mat_ :- 
>> :sakura.jp.as.dal.net 372 mat_ :- =====================================================================
>> :sakura.jp.as.dal.net 372 mat_ :- 
>> :sakura.jp.as.dal.net 372 mat_ :- Welcome to DALnet!  By connecting to this network, you agree to abide
>> :sakura.jp.as.dal.net 372 mat_ :- by its acceptable use policy available at: https://www.dal.net/aup
>> :sakura.jp.as.dal.net 372 mat_ :- 
>> :sakura.jp.as.dal.net 372 mat_ :- We reserve the right to deny access to this server to anyone at any
>> :sakura.jp.as.dal.net 372 mat_ :- time without warning or explanation.
>> :sakura.jp.as.dal.net 372 mat_ :- 
>> :sakura.jp.as.dal.net 372 mat_ :- To help prevent abuse, this server will check your PC for open proxy
>> :sakura.jp.as.dal.net 372 mat_ :- servers when you connect. If you do not want this test performed, do
>> :sakura.jp.as.dal.net 372 mat_ :- not connect.
>> :sakura.jp.as.dal.net 372 mat_ :- 
>> :sakura.jp.as.dal.net 372 mat_ :- =====================================================================
>> :sakura.jp.as.dal.net 372 mat_ :- 
>> :sakura.jp.as.dal.net 372 mat_ :- If you need general IRC assistance or help with services commands,
>> :sakura.jp.as.dal.net 372 mat_ :- please view our multilingual documentation at http://docs.dal.net/
>> :sakura.jp.as.dal.net 372 mat_ :- 
>> :sakura.jp.as.dal.net 372 mat_ :- If your question is not answered after reading our documention,
>> :sakura.jp.as.dal.net 372 mat_ :- please /join #help for general questions or /join #OperHelp if you
>> :sakura.jp.as.dal.net 372 mat_ :- require the immediate assistance of an IRC Operator.
>> :sakura.jp.as.dal.net 372 mat_ :- 
>> :sakura.jp.as.dal.net 372 mat_ :- =====================================================================
>> :sakura.jp.as.dal.net 372 mat_ :- 
>> :sakura.jp.as.dal.net 372 mat_ :- Thank you, and enjoy your day!
>> :sakura.jp.as.dal.net 372 mat_ :- 
>> :sakura.jp.as.dal.net 372 mat_ :- =====================================================================
>> :sakura.jp.as.dal.net 372 mat_ :- 
>> :sakura.jp.as.dal.net 376 mat_ :End of /MOTD command.
>> :mat_ MODE mat_ :+iH
>> :NickServ!service@dal.net NOTICE mat_ :Bienvenue à DALnet! Saviez-vous que nos services prennent en charge votre langue?Tapez: /NickServ LANG FR pour l'essayer.
>> :sakura.jp.as.dal.net 311 mat_ Mat admin mirc.biz.id * :*
--> nickfind event whois
>> :sakura.jp.as.dal.net 319 mat_ Mat :#jember #jomblo #bengkulu #pekalongan #sukabumi #tasikmalaya #aceh #padang #payakumbuh @#tangerang #singkawang @#pekanbaru @#pontianak @#seks #234 #makassar @#facebook @#bekasi @#jepara 
--> event empty
>> :sakura.jp.as.dal.net 312 mat_ Mat lion.tx.us.dal.net :bliss
--> event empty
>> :sakura.jp.as.dal.net 307 mat_ Mat :has identified for this nick
--> event empty
>> :sakura.jp.as.dal.net 301 mat_ Mat :Auto away at Fri Oct 20 05:51:26 2023
--> event empty
>> :sakura.jp.as.dal.net 318 mat_ mat :End of /WHOIS list.
--> event empty
<< PING sakura.jp.as.dal.net
>> :sakura.jp.as.dal.net PONG sakura.jp.as.dal.net :mat_
--> lag pong
<< PING sakura.jp.as.dal.net
>> :sakura.jp.as.dal.net PONG sakura.jp.as.dal.net :mat_
--> lag pong
<< PRIVMSG mat__,mat___ :hello
<< PING sakura.jp.as.dal.net
>> :sakura.jp.as.dal.net PONG sakura.jp.as.dal.net :mat_
--> lag pong
<< PING sakura.jp.as.dal.net
>> :sakura.jp.as.dal.net PONG sakura.jp.as.dal.net :mat_
--> lag pong
<< PING sakura.jp.as.dal.net
>> :sakura.jp.as.dal.net PONG sakura.jp.as.dal.net :mat_
--> lag pong
<< PING sakura.jp.as.dal.net
>> :sakura.jp.as.dal.net PONG sakura.jp.as.dal.net :mat_
--> lag pong
<< PING sakura.jp.as.dal.net
>> :sakura.jp.as.dal.net PONG sakura.jp.as.dal.net :mat_
--> lag pong
<< PING sakura.jp.as.dal.net
>> :sakura.jp.as.dal.net PONG sakura.jp.as.dal.net :mat_
--> lag pong
<< PING sakura.jp.as.dal.net
>> :sakura.jp.as.dal.net PONG sakura.jp.as.dal.net :mat_
--> lag pong
<< PING sakura.jp.as.dal.net
>> :sakura.jp.as.dal.net PONG sakura.jp.as.dal.net :mat_
--> lag pong
<< PING sakura.jp.as.dal.net
>> :sakura.jp.as.dal.net PONG sakura.jp.as.dal.net :mat_
--> lag pong
<< PING sakura.jp.as.dal.net
>> :sakura.jp.as.dal.net PONG sakura.jp.as.dal.net :mat_
--> lag pong
<< JOIN #bla,#blata
>> :mat_!~mat@60ef-2fc4-d0c4-c934-68b4.abo.wanadoo.fr JOIN :#bla
>> :sakura.jp.as.dal.net 353 mat_ = #bla :@mat_ 
>> :sakura.jp.as.dal.net 366 mat_ #bla :End of /NAMES list.
<< MODE #bla
>> :mat_!~mat@60ef-2fc4-d0c4-c934-68b4.abo.wanadoo.fr JOIN :#blata
>> :sakura.jp.as.dal.net 353 mat_ = #blata :@mat_ 
>> :sakura.jp.as.dal.net 366 mat_ #blata :End of /NAMES list.
>> :sakura.jp.as.dal.net 324 mat_ #bla + 
--> chanquery mode
<< MODE #blata
>> :sakura.jp.as.dal.net 329 mat_ #bla 1701972563
--> event 329
>> :sakura.jp.as.dal.net 324 mat_ #blata + 
--> chanquery mode
<< WHO #bla
>> :sakura.jp.as.dal.net 329 mat_ #blata 1701972563
--> event 329
>> :sakura.jp.as.dal.net 352 mat_ #bla ~mat 60ef-2fc4-d0c4-c934-68b4.abo.wanadoo.fr sakura.jp.as.dal.net mat_ H@ :0 Mathias
--> silent event who
>> :sakura.jp.as.dal.net 315 mat_ #bla :End of /WHO list.
--> chanquery who end
<< WHO #blata
>> :sakura.jp.as.dal.net 352 mat_ #blata ~mat 60ef-2fc4-d0c4-c934-68b4.abo.wanadoo.fr sakura.jp.as.dal.net mat_ H@ :0 Mathias
--> silent event who
>> :sakura.jp.as.dal.net 315 mat_ #blata :End of /WHO list.
--> chanquery who end
<< MODE #bla b
>> :sakura.jp.as.dal.net 368 mat_ #bla :End of Channel Ban List
--> chanquery ban end
<< MODE #blata b
>> :sakura.jp.as.dal.net 368 mat_ #blata :End of Channel Ban List
--> chanquery ban end
>> :mat__!~mat@60ef-2fc4-d0c4-c934-68b4.abo.wanadoo.fr JOIN :#bla
>> :mat__!~mat@60ef-2fc4-d0c4-c934-68b4.abo.wanadoo.fr JOIN :#blata
<< PING sakura.jp.as.dal.net
>> :sakura.jp.as.dal.net PONG sakura.jp.as.dal.net :mat_
--> lag pong
<< PRIVMSG #bla,#blata :heloooo
>> :mat__!~mat@60ef-2fc4-d0c4-c934-68b4.abo.wanadoo.fr QUIT :Quit: leaving
<< PING sakura.jp.as.dal.net
>> :sakura.jp.as.dal.net PONG sakura.jp.as.dal.net :mat_
--> lag pong
>> :mat___!~mat@60ef-2fc4-d0c4-c934-68b4.abo.wanadoo.fr PRIVMSG mat_ :join bla,blata
>> :mat___!~mat@60ef-2fc4-d0c4-c934-68b4.abo.wanadoo.fr JOIN :#bla
>> :mat___!~mat@60ef-2fc4-d0c4-c934-68b4.abo.wanadoo.fr JOIN :#blata
<< PRIVMSG #bla,#blata :heloooouhawfd
<< PING sakura.jp.as.dal.net
>> :sakura.jp.as.dal.net PONG sakura.jp.as.dal.net :mat_
--> lag pong
>> :mat___!~mat@60ef-2fc4-d0c4-c934-68b4.abo.wanadoo.fr QUIT :Quit: leaving
<< QUIT :leaving
