<< CAP LS
<< NICK mat
<< USER mat mat irc.dal.net :Mathias
>> :halcyon.il.us.dal.net NOTICE AUTH :*** Looking up your hostname...
>> :halcyon.il.us.dal.net NOTICE AUTH :*** Found your hostname
>> :halcyon.il.us.dal.net 433 * mat :Nickname is already in use.
<< NICK mat_
>> :halcyon.il.us.dal.net 433 * mat_ :Nickname is already in use.
<< NICK mat__
>> :halcyon.il.us.dal.net 433 * mat__ :Nickname is already in use.
<< NICK mat___
>> :halcyon.il.us.dal.net 001 mat___ :Welcome to the DALnet IRC Network mat___!~mat@lfbn-idf2-1-372-170.w82-123.abo.wanadoo.fr
<< MODE mat___ +i
<< WHOIS mat
>> :halcyon.il.us.dal.net 002 mat___ :Your host is halcyon.il.us.dal.net, running version bahamut-2.2.2
>> :halcyon.il.us.dal.net 003 mat___ :This server was created Thu Aug 3 2023 at 16:38:57 UTC
>> :halcyon.il.us.dal.net 004 mat___ halcyon.il.us.dal.net bahamut-2.2.2 aAbcCdefFghHiIjkKmnoOPrRsSwxXy AbceiIjklLmMnoOpPrRsStv beIjklov
>> :halcyon.il.us.dal.net 005 mat___ NETWORK=DALnet SAFELIST MAXBANS=200 MAXCHANNELS=50 CHANNELLEN=32 KICKLEN=307 NICKLEN=30 TOPICLEN=307 MODES=6 CHANTYPES=# CHANLIMIT=#:50 PREFIX=(ohv)@%+ STATUSMSG=@%+ :are available on this server
>> :halcyon.il.us.dal.net 005 mat___ CASEMAPPING=ascii WATCH=128 SILENCE=10 ELIST=cmntu EXCEPTS INVEX CHANMODES=beI,k,jl,ciPAmMnOprRsSt MAXLIST=b:200,e:100,I:100 TARGMAX=DCCALLOW:,JOIN:,KICK:4,KILL:20,NOTICE:20,PART:,PRIVMSG:20,WHOIS:,WHOWAS: :are available on this server
>> :halcyon.il.us.dal.net 251 mat___ :There are 65 users and 7495 invisible on 38 servers
>> :halcyon.il.us.dal.net 252 mat___ 74 :IRC Operators online
>> :halcyon.il.us.dal.net 254 mat___ 3789 :channels formed
>> :halcyon.il.us.dal.net 255 mat___ :I have 1188 clients and 1 servers
>> :halcyon.il.us.dal.net 265 mat___ :Current local users: 1188 Max: 1609
>> :halcyon.il.us.dal.net 266 mat___ :Current global users: 7560 Max: 8222
>> :halcyon.il.us.dal.net NOTICE mat___ :*** Notice -- motd was last changed at 15/6/2023 1:43
>> :halcyon.il.us.dal.net 375 mat___ :- halcyon.il.us.dal.net Message of the Day - 
>> :halcyon.il.us.dal.net 372 mat___ :-15/6/2023 1:43
>> :halcyon.il.us.dal.net 372 mat___ :- This is the default Bahamut MOTD
>> :halcyon.il.us.dal.net 376 mat___ :End of /MOTD command.
>> :mat___ MODE mat___ :+iH
>> :NickServ!service@dal.net NOTICE mat___ :Bienvenue à DALnet! Saviez-vous que nos services prennent en charge votre langue?Tapez: /NickServ LANG FR pour l'essayer.
>> :halcyon.il.us.dal.net 311 mat___ Mat admin mirc.biz.id * :*
--> nickfind event whois
>> :halcyon.il.us.dal.net 319 mat___ Mat :#jember #jomblo #bengkulu #pekalongan #sukabumi #tasikmalaya #aceh #padang #payakumbuh @#tangerang #singkawang @#pekanbaru @#pontianak @#Seks #234 #makassar @#facebook @#bekasi @#jepara 
--> event empty
>> :halcyon.il.us.dal.net 312 mat___ Mat lion.tx.us.dal.net :bliss
--> event empty
>> :halcyon.il.us.dal.net 307 mat___ Mat :has identified for this nick
--> event empty
>> :halcyon.il.us.dal.net 301 mat___ Mat :Auto away at Fri Oct 20 05:51:26 2023
--> event empty
>> :halcyon.il.us.dal.net 318 mat___ mat :End of /WHOIS list.
--> event empty
<< PING halcyon.il.us.dal.net
>> :halcyon.il.us.dal.net PONG halcyon.il.us.dal.net :mat___
--> lag pong
>> :mat_!~mat@60ef-2fc4-d0c4-c934-68b4.abo.wanadoo.fr PRIVMSG mat___ :hello
<< PING halcyon.il.us.dal.net
>> :halcyon.il.us.dal.net PONG halcyon.il.us.dal.net :mat___
--> lag pong
<< PING halcyon.il.us.dal.net
>> :halcyon.il.us.dal.net PONG halcyon.il.us.dal.net :mat___
--> lag pong
<< PING halcyon.il.us.dal.net
>> :halcyon.il.us.dal.net PONG halcyon.il.us.dal.net :mat___
--> lag pong
<< PING halcyon.il.us.dal.net
>> :halcyon.il.us.dal.net PONG halcyon.il.us.dal.net :mat___
--> lag pong
<< PING halcyon.il.us.dal.net
>> :halcyon.il.us.dal.net PONG halcyon.il.us.dal.net :mat___
--> lag pong
<< PING halcyon.il.us.dal.net
>> :halcyon.il.us.dal.net PONG halcyon.il.us.dal.net :mat___
--> lag pong
<< PING halcyon.il.us.dal.net
>> :halcyon.il.us.dal.net PONG halcyon.il.us.dal.net :mat___
--> lag pong
<< PING halcyon.il.us.dal.net
>> :halcyon.il.us.dal.net PONG halcyon.il.us.dal.net :mat___
--> lag pong
<< PING halcyon.il.us.dal.net
>> :halcyon.il.us.dal.net PONG halcyon.il.us.dal.net :mat___
--> lag pong
<< PING halcyon.il.us.dal.net
>> :halcyon.il.us.dal.net PONG halcyon.il.us.dal.net :mat___
--> lag pong
<< PING halcyon.il.us.dal.net
>> :halcyon.il.us.dal.net PONG halcyon.il.us.dal.net :mat___
--> lag pong
<< PING halcyon.il.us.dal.net
>> :halcyon.il.us.dal.net PONG halcyon.il.us.dal.net :mat___
--> lag pong
<< PRIVMSG mat_ :join bla,blata
<< JOIN #bla,#blata
>> :mat___!~mat@60ef-2fc4-d0c4-c934-68b4.abo.wanadoo.fr JOIN :#bla
>> :halcyon.il.us.dal.net 353 mat___ = #bla :mat___ @mat_ 
>> :halcyon.il.us.dal.net 366 mat___ #bla :End of /NAMES list.
<< MODE #bla
>> :mat___!~mat@60ef-2fc4-d0c4-c934-68b4.abo.wanadoo.fr JOIN :#blata
>> :halcyon.il.us.dal.net 353 mat___ = #blata :mat___ @mat_ 
>> :halcyon.il.us.dal.net 366 mat___ #blata :End of /NAMES list.
>> :halcyon.il.us.dal.net 324 mat___ #bla + 
--> chanquery mode
<< MODE #blata
>> :halcyon.il.us.dal.net 329 mat___ #bla 1701972563
--> event 329
>> :halcyon.il.us.dal.net 324 mat___ #blata + 
--> chanquery mode
<< WHO #bla
>> :halcyon.il.us.dal.net 329 mat___ #blata 1701972563
--> event 329
>> :halcyon.il.us.dal.net 352 mat___ #bla ~mat 60ef-2fc4-d0c4-c934-68b4.abo.wanadoo.fr halcyon.il.us.dal.net mat___ H :0 Mathias
--> silent event who
>> :halcyon.il.us.dal.net 352 mat___ #bla ~mat 60ef-2fc4-d0c4-c934-68b4.abo.wanadoo.fr sakura.jp.as.dal.net mat_ H@ :2 Mathias
--> silent event who
>> :halcyon.il.us.dal.net 315 mat___ #bla :End of /WHO list.
--> chanquery who end
<< WHO #blata
>> :halcyon.il.us.dal.net 352 mat___ #blata ~mat 60ef-2fc4-d0c4-c934-68b4.abo.wanadoo.fr halcyon.il.us.dal.net mat___ H :0 Mathias
--> silent event who
>> :halcyon.il.us.dal.net 352 mat___ #blata ~mat 60ef-2fc4-d0c4-c934-68b4.abo.wanadoo.fr sakura.jp.as.dal.net mat_ H@ :2 Mathias
--> silent event who
>> :halcyon.il.us.dal.net 315 mat___ #blata :End of /WHO list.
--> chanquery who end
<< MODE #bla b
>> :halcyon.il.us.dal.net 368 mat___ #bla :End of Channel Ban List
--> chanquery ban end
<< MODE #blata b
>> :halcyon.il.us.dal.net 368 mat___ #blata :End of Channel Ban List
--> chanquery ban end
>> :mat_!~mat@60ef-2fc4-d0c4-c934-68b4.abo.wanadoo.fr PRIVMSG #bla :heloooouhawfd
>> :mat_!~mat@60ef-2fc4-d0c4-c934-68b4.abo.wanadoo.fr PRIVMSG #blata :heloooouhawfd
<< PING halcyon.il.us.dal.net
>> :halcyon.il.us.dal.net PONG halcyon.il.us.dal.net :mat___
--> lag pong
<< QUIT :leaving
